Arguments: 
  C:\Program Files\nodejs\node.exe C:\Users\SuppinkDev\AppData\Roaming\npm\node_modules\yarn\bin\yarn.js init

PATH: 
  C:\Program Files\Git\mingw64\bin;C:\Program Files\Git\usr\bin;C:\Users\SuppinkDev\bin;C:\Users\SuppinkDev\cmder\bin;C:\Users\SuppinkDev\cmder\vendor\conemu-maximus5\ConEmu\Scripts;C:\Users\SuppinkDev\cmder\vendor\conemu-maximus5;C:\Users\SuppinkDev\cmder\vendor\conemu-maximus5\ConEmu;C:\Program Files\RedHat\java-1.8.0-openjdk-1.8.0.161-1\bin;C:\Program Files\Java\jdk-9.0.4\bin;C:\Program Files\Java\jre-9.0.4\bin;C:\Program Files\Git\cmd;C:\WINDOWS\system32;C:\WINDOWS;C:\WINDOWS\System32\Wbem;C:\WINDOWS\System32\WindowsPowerShell\v1.0;C:\WINDOWS\System32\OpenSSH;C:\Program Files\Microsoft VS Code\bin;C:\Program Files\nodejs;C:\Ruby25-x64\bin;C:\Users\SuppinkDev\AppData\Local\Microsoft\WindowsApps;C:\Program Files\Heroku\bin;C:\Program Files\Microsoft VS Code\bin;C:\Program Files\Java\jre-9.0.4\bin;C:\Program Files\Java\jdk-9.0.4\bin;C:\Program Files\RedHat\java-1.8.0-openjdk-1.8.0.161-1\bin;C:\Program Files\MongoDB\Server\3.6\bin;C:\Program Files\Git\usr\bin;C:\Program Files\nodejs;C:\Users\SuppinkDev\AppData\Local\atom\bin;C:\Program File;C:\Winnt;C:\Winnt\System32";C:\Windows\System32;C:\Users\SuppinkDev\AppData\Local\Microsoft\WindowsApps;C:\Users\SuppinkDev\curl;C:\Users\SuppinkDev\AppData\Roaming\npm;C:\Program Files\Git\usr\bin;C:\Program Files\Git\usr\share\vim\vim74;C:\Users\SuppinkDev\cmder;C:\Program Files\Git\usr\local\bin;C:\Program Files\Git\usr\local\bin

Yarn version: 
  1.6.0

Node version: 
  10.11.0

Platform: 
  win32 x64

Trace: 
  Error: canceled
      at Interface.<anonymous> (C:\Users\SuppinkDev\AppData\Roaming\npm\node_modules\yarn\lib\cli.js:129516:13)
      at Interface.emit (events.js:182:13)
      at Interface._ttyWrite (readline.js:783:16)
      at ReadStream.onkeypress (readline.js:168:10)
      at ReadStream.emit (events.js:182:13)
      at emitKeys (internal/readline.js:424:14)
      at emitKeys.next (<anonymous>)
      at ReadStream.onData (readline.js:1022:36)
      at ReadStream.emit (events.js:182:13)
      at addChunk (_stream_readable.js:283:12)

npm manifest: 
  No manifest

yarn manifest: 
  No manifest

Lockfile: 
  No lockfile
